<?xml version="1.0" encoding="UTF-8"?>
<testsuite name="ru.tinkoff.finteh.spring_homework.ProductTest" tests="6" skipped="0" failures="0" errors="0" timestamp="2022-04-09T14:36:35" hostname="DESKTOP-VI4I4EJ" time="1.0">
  <properties/>
  <testcase name="badGetProduct()" classname="ru.tinkoff.finteh.spring_homework.ProductTest" time="0.971"/>
  <testcase name="badSearchProduct()" classname="ru.tinkoff.finteh.spring_homework.ProductTest" time="0.004"/>
  <testcase name="getProduct()" classname="ru.tinkoff.finteh.spring_homework.ProductTest" time="0.01"/>
  <testcase name="badAddProduct()" classname="ru.tinkoff.finteh.spring_homework.ProductTest" time="0.003"/>
  <testcase name="searchProduct()" classname="ru.tinkoff.finteh.spring_homework.ProductTest" time="0.003"/>
  <testcase name="addProduct()" classname="ru.tinkoff.finteh.spring_homework.ProductTest" time="0.003"/>
  <system-out><![CDATA[17:36:35.322 [Test worker] DEBUG io.mockk.impl.instantiation.AbstractMockFactory - Creating mockk for Warehouse name=#1
17:36:36.682 [Test worker] DEBUG io.mockk.impl.instantiation.AbstractMockFactory - Creating mockk for CountDto name=child of #1#2
17:36:36.702 [Test worker] DEBUG io.mockk.impl.instantiation.AbstractMockFactory - Creating mockk for Warehouse name=#3
17:36:36.703 [Test worker] DEBUG io.mockk.impl.instantiation.AbstractMockFactory - Creating mockk for CountDto name=child of #3#4
17:36:36.706 [Test worker] DEBUG io.mockk.impl.instantiation.AbstractMockFactory - Creating mockk for Warehouse name=#5
17:36:36.709 [Test worker] DEBUG io.mockk.impl.instantiation.AbstractMockFactory - Creating mockk for CountDto name=child of #5#6
17:36:36.717 [Test worker] DEBUG io.mockk.impl.recording.states.AnsweringState - Answering CountDto(count=0) on Warehouse(#5).getCountProduct(321432)
17:36:36.717 [Test worker] DEBUG io.mockk.impl.instantiation.AbstractMockFactory - Creating mockk for Warehouse name=#7
17:36:36.720 [Test worker] DEBUG io.mockk.impl.instantiation.AbstractMockFactory - Creating mockk for CountDto name=child of #7#8
17:36:36.721 [Test worker] DEBUG io.mockk.impl.instantiation.AbstractMockFactory - Creating mockk for Warehouse name=#9
17:36:36.724 [Test worker] DEBUG io.mockk.impl.instantiation.AbstractMockFactory - Creating mockk for CountDto name=child of #9#10
17:36:36.725 [Test worker] DEBUG io.mockk.impl.recording.states.AnsweringState - Answering CountDto(count=0) on Warehouse(#9).getCountProduct(423123)
17:36:36.725 [Test worker] DEBUG io.mockk.impl.instantiation.AbstractMockFactory - Creating mockk for Warehouse name=#11
17:36:36.728 [Test worker] DEBUG io.mockk.impl.instantiation.AbstractMockFactory - Creating mockk for CountDto name=child of #11#12
]]></system-out>
  <system-err><![CDATA[]]></system-err>
</testsuite>
