<?xml version="1.0" encoding="UTF-8"?>
<testsuite name="ThreadsTest" tests="2" skipped="0" failures="0" errors="0" timestamp="2022-04-23T16:56:26" hostname="DESKTOP-VI4I4EJ" time="0.02">
  <properties/>
  <testcase name="exceptionWhenThreadsQuantityIsUnavailable()" classname="ThreadsTest" time="0.013"/>
  <testcase name="threadPoolTest()" classname="ThreadsTest" time="0.006"/>
  <system-out><![CDATA[Queue is ready!
0 - задача выполняется...
7 - задача выполняется...
6 - задача выполняется...
5 - задача выполняется...
4 - задача выполняется...
3 - задача выполняется...
2 - задача выполняется...
1 - задача выполняется...
]]></system-out>
  <system-err><![CDATA[]]></system-err>
</testsuite>
